Using pre-set license
Built from '2022.3/staging' branch; Version is '2022.3.11f1 (d00248457e15) revision 13632072'; Using compiler version '192829333'; Build Type 'Release'
OS: 'Windows 11  (10.0.22621) 64bit Core' Language: 'en' Physical Memory: 32691 MB
BatchMode: 1, IsHumanControllingUs: 0, StartBugReporterOnCrash: 0, Is64bit: 1, IsPro: 1

COMMAND LINE ARGUMENTS:
C:\Program Files\Unity\Hub\Editor\2022.3.11f1\Editor\Unity.exe
-adb2
-batchMode
-noUpm
-name
AssetImportWorker1
-projectPath
C:/Users/doggy/Project-2D
-logFile
Logs/AssetImportWorker1.log
-srvPort
50261
Successfully changed project path to: C:/Users/doggy/Project-2D
C:/Users/doggy/Project-2D
[UnityMemory] Configuration Parameters - Can be set up in boot.config
    "memorysetup-bucket-allocator-granularity=16"
    "memorysetup-bucket-allocator-bucket-count=8"
    "memorysetup-bucket-allocator-block-size=33554432"
    "memorysetup-bucket-allocator-block-count=8"
    "memorysetup-main-allocator-block-size=16777216"
    "memorysetup-thread-allocator-block-size=16777216"
    "memorysetup-gfx-main-allocator-block-size=16777216"
    "memorysetup-gfx-thread-allocator-block-size=16777216"
    "memorysetup-cache-allocator-block-size=4194304"
    "memorysetup-typetree-allocator-block-size=2097152"
    "memorysetup-profiler-bucket-allocator-granularity=16"
    "memorysetup-profiler-bucket-allocator-bucket-count=8"
    "memorysetup-profiler-bucket-allocator-block-size=33554432"
    "memorysetup-profiler-bucket-allocator-block-count=8"
    "memorysetup-profiler-allocator-block-size=16777216"
    "memorysetup-profiler-editor-allocator-block-size=1048576"
    "memorysetup-temp-allocator-size-main=16777216"
    "memorysetup-job-temp-allocator-block-size=2097152"
    "memorysetup-job-temp-allocator-block-size-background=1048576"
    "memorysetup-job-temp-allocator-reduction-small-platforms=262144"
    "memorysetup-allocator-temp-initial-block-size-main=262144"
    "memorysetup-allocator-temp-initial-block-size-worker=262144"
    "memorysetup-temp-allocator-size-background-worker=32768"
    "memorysetup-temp-allocator-size-job-worker=262144"
    "memorysetup-temp-allocator-size-preload-manager=33554432"
    "memorysetup-temp-allocator-size-nav-mesh-worker=65536"
    "memorysetup-temp-allocator-size-audio-worker=65536"
    "memorysetup-temp-allocator-size-cloud-worker=32768"
    "memorysetup-temp-allocator-size-gi-baking-worker=262144"
    "memorysetup-temp-allocator-size-gfx=262144"
Player connection [24860] Host "[IP] 192.168.1.8 [Port] 0 [Flags] 2 [Guid] 776563208 [EditorId] 776563208 [Version] 1048832 [Id] WindowsEditor(7,DESKTOP-3G2LPA9) [Debug] 1 [PackageName] WindowsEditor [ProjectName] Editor" joined multi-casting on [225.0.0.222:54997]...

Player connection [24860] Host "[IP] 192.168.1.8 [Port] 0 [Flags] 2 [Guid] 776563208 [EditorId] 776563208 [Version] 1048832 [Id] WindowsEditor(7,DESKTOP-3G2LPA9) [Debug] 1 [PackageName] WindowsEditor [ProjectName] Editor" joined alternative multi-casting on [225.0.0.222:34997]...

[Physics::Module] Initialized MultithreadedJobDispatcher with 23 workers.
Refreshing native plugins compatible for Editor in 44.07 ms, found 4 plugins.
Preloading 0 native plugins for Editor in 0.00 ms.
Initialize engine version: 2022.3.11f1 (d00248457e15)
[Subsystems] Discovering subsystems at path C:/Program Files/Unity/Hub/Editor/2022.3.11f1/Editor/Data/Resources/UnitySubsystems
[Subsystems] Discovering subsystems at path C:/Users/doggy/Project-2D/Assets
GfxDevice: creating device client; threaded=0; jobified=0
Direct3D:
    Version:  Direct3D 11.0 [level 11.1]
    Renderer: NVIDIA GeForce RTX 2060 (ID=0x1e89)
    Vendor:   NVIDIA
    VRAM:     5958 MB
    Driver:   31.0.15.3699
Initialize mono
Mono path[0] = 'C:/Program Files/Unity/Hub/Editor/2022.3.11f1/Editor/Data/Managed'
Mono path[1] = 'C:/Program Files/Unity/Hub/Editor/2022.3.11f1/Editor/Data/MonoBleedingEdge/lib/mono/unityjit-win32'
Mono config path = 'C:/Program Files/Unity/Hub/Editor/2022.3.11f1/Editor/Data/MonoBleedingEdge/etc'
Using monoOptions --debugger-agent=transport=dt_socket,embedding=1,server=y,suspend=n,address=127.0.0.1:56020
Begin MonoManager ReloadAssembly
Registering precompiled unity dll's ...
Register platform support module: C:/Program Files/Unity/Hub/Editor/2022.3.11f1/Editor/Data/PlaybackEngines/WebGLSupport/UnityEditor.WebGL.Extensions.dll
Register platform support module: C:/Program Files/Unity/Hub/Editor/2022.3.11f1/Editor/Data/PlaybackEngines/WindowsStandaloneSupport/UnityEditor.WindowsStandalone.Extensions.dll
Registered in 0.051875 seconds.
- Loaded All Assemblies, in  0.531 seconds
Native extension for WindowsStandalone target not found
Native extension for WebGL target not found
Mono: successfully reloaded assembly
- Finished resetting the current domain, in  0.227 seconds
Domain Reload Profiling: 743ms
	BeginReloadAssembly (175ms)
		ExecutionOrderSort (0ms)
		DisableScriptedObjects (0ms)
		BackupInstance (0ms)
		ReleaseScriptingObjects (0ms)
		CreateAndSetChildDomain (1ms)
	RebuildCommonClasses (39ms)
	RebuildNativeTypeToScriptingClass (10ms)
	initialDomainReloadingComplete (144ms)
	LoadAllAssembliesAndSetupDomain (148ms)
		LoadAssemblies (162ms)
		RebuildTransferFunctionScriptingTraits (0ms)
		AnalyzeDomain (144ms)
			TypeCache.Refresh (143ms)
				TypeCache.ScanAssembly (129ms)
			ScanForSourceGeneratedMonoScriptInfo (0ms)
			ResolveRequiredComponents (0ms)
	FinalizeReload (227ms)
		ReleaseScriptCaches (0ms)
		RebuildScriptCaches (0ms)
		SetupLoadedEditorAssemblies (175ms)
			LogAssemblyErrors (0ms)
			InitializePlatformSupportModulesInManaged (22ms)
			SetLoadedEditorAssemblies (4ms)
			RefreshPlugins (0ms)
			BeforeProcessingInitializeOnLoad (2ms)
			ProcessInitializeOnLoadAttributes (107ms)
			ProcessInitializeOnLoadMethodAttributes (40ms)
			AfterProcessingInitializeOnLoad (0ms)
			EditorAssembliesLoaded (0ms)
		ExecutionOrderSort2 (0ms)
		AwakeInstancesAfterBackupRestoration (0ms)
========================================================================
Worker process is ready to serve import requests
Begin MonoManager ReloadAssembly
- Loaded All Assemblies, in  1.196 seconds
Refreshing native plugins compatible for Editor in 21.38 ms, found 4 plugins.
Native extension for WindowsStandalone target not found
Native extension for WebGL target not found
Package Manager log level set to [2]
[Package Manager] Server::EnsureServerProcessIsRunning -- launch failed, reason: Unity was launched with the -noUpm command-line argument
[Package Manager] UpmClient::Send -- Unable to send message (not connected to UPM process).
[Package Manager] Cannot connect to Unity Package Manager local server
Mono: successfully reloaded assembly
- Finished resetting the current domain, in  0.819 seconds
Domain Reload Profiling: 1979ms
	BeginReloadAssembly (208ms)
		ExecutionOrderSort (0ms)
		DisableScriptedObjects (4ms)
		BackupInstance (0ms)
		ReleaseScriptingObjects (0ms)
		CreateAndSetChildDomain (19ms)
	RebuildCommonClasses (40ms)
	RebuildNativeTypeToScriptingClass (11ms)
	initialDomainReloadingComplete (100ms)
	LoadAllAssembliesAndSetupDomain (801ms)
		LoadAssemblies (718ms)
		RebuildTransferFunctionScriptingTraits (0ms)
		AnalyzeDomain (224ms)
			TypeCache.Refresh (188ms)
				TypeCache.ScanAssembly (168ms)
			ScanForSourceGeneratedMonoScriptInfo (25ms)
			ResolveRequiredComponents (10ms)
	FinalizeReload (820ms)
		ReleaseScriptCaches (0ms)
		RebuildScriptCaches (0ms)
		SetupLoadedEditorAssemblies (675ms)
			LogAssemblyErrors (0ms)
			InitializePlatformSupportModulesInManaged (23ms)
			SetLoadedEditorAssemblies (3ms)
			RefreshPlugins (0ms)
			BeforeProcessingInitializeOnLoad (172ms)
			ProcessInitializeOnLoadAttributes (352ms)
			ProcessInitializeOnLoadMethodAttributes (80ms)
			AfterProcessingInitializeOnLoad (45ms)
			EditorAssembliesLoaded (0ms)
		ExecutionOrderSort2 (0ms)
		AwakeInstancesAfterBackupRestoration (6ms)
Launched and connected shader compiler UnityShaderCompiler.exe after 0.05 seconds
Refreshing native plugins compatible for Editor in 24.87 ms, found 4 plugins.
Preloading 0 native plugins for Editor in 0.00 ms.
Unloading 6153 Unused Serialized files (Serialized files now loaded: 0)
Unloading 125 unused Assets / (2.2 MB). Loaded Objects now: 6586.
Memory consumption went from 249.6 MB to 247.4 MB.
Total: 4.970100 ms (FindLiveObjects: 0.428500 ms CreateObjectMapping: 0.176600 ms MarkObjects: 3.548900 ms  DeleteObjects: 0.815300 ms)

AssetImportParameters requested are different than current active one (requested -> active):
  custom:container-demuxer-ogg: 62fdf1f143b41e24485cea50d1cbac27 -> 
  custom:video-decoder-ogg-theora: a1e56fd34408186e4bbccfd4996cb3dc -> 
  custom:framework-win-MediaFoundation: 216162199b28c13a410421893ffa2e32 -> 
  custom:scripting/monoscript/fileName/PriorityQueue.cs: a53f96815da50de15010b1c479bc70cf -> c3ffd9f04730b0453c42b2f446427770
  custom:CustomObjectIndexerAttribute: d54d2f2da18e7612c182cf67624b6b12 -> 
  custom:container-demuxer-webm: 4f35f7cbe854078d1ac9338744f61a02 -> 
  custom:container-muxer-webm: aa71ff27fc2769a1b78a27578f13a17b -> 
  custom:video-decoder-webm-vp8: 9c59270c3fd7afecdb556c50c9e8de78 -> 
  custom:SearchIndexIgnoredProperties: e643bd26f0fe6173181afceb89e7c659 -> 
  custom:AudioImporter_EditorPlatform: d09bf68614088b80899f8185d706f6e7 -> 
  custom:scripting/monoscript/fileName/RuleTile.cs: f5f493643c39cafead8f05df075b38cf -> 5b978741c52b97f232dcc85b0f945a21
  custom:video-encoder-webm-vp8: eb34c28f22e8b96e1ab97ce403110664 -> 
  custom:audio-decoder-ogg-vorbis: bf7c407c2cedff20999df2af8eb42d56 -> 
  custom:audio-encoder-webm-vorbis: bf7c407c2cedff20999df2af8eb42d56 -> 
  custom:scripting/monoscript/fileName/InventoryController.cs:  -> 7880de909c4f04956975095826612c9e
  custom:scripting/monoscript/fileName/GameObjectTeleporter.cs:  -> cec774bdb00fbbe5c288704d75addc45
  custom:scripting/monoscript/fileName/TimeDilationBehaviour.cs:  -> 2a47a54a3c8f27fb70a0495884d523e1
  custom:scripting/monoscript/fileName/MixerSliderLink.cs:  -> 34dc8c25ea78265e9892e215cccf8e58
  custom:scripting/monoscript/fileName/LightControlClip.cs:  -> a94673739b1222db71fa76111e74252b
  custom:scripting/monoscript/fileName/UIAutoscroll.cs:  -> b40f2c3c01e294e024d86663bf27e7f2
  custom:scripting/monoscript/fileName/ScrollingTextMixerBehaviour.cs:  -> 685ce4c6b416c4913274427a80cd5189
  custom:scripting/monoscript/fileName/ChomperAttackSMB.cs:  -> 5c613e850f01a188d5ac1d5ca2598617
  custom:scripting/monoscript/fileName/TransformTweenTrack.cs:  -> b3921d1f41ddee929b63e0c5ea8cae5c
  custom:scripting/monoscript/fileName/SceneTransitionDestination.cs:  -> d0a98480ec6fe4a2ca036688a968da8f
  custom:scripting/monoscript/fileName/ChomperDeathSMB.cs:  -> 1b3e7e3816e7abc6f2182e88c1699d28
  custom:scripting/monoscript/fileName/CharacterStateSetter.cs:  -> dcf64547b1cf432563c7c6e8448c940f
  custom:scripting/monoscript/fileName/BackgroundMusicPlayer.cs:  -> 48bb0d45a3f2b260acc16e847ca911a0
  custom:scripting/monoscript/fileName/ScreenFaderTrack.cs:  -> f5106af22ad1689581ff1b63d4d1d802
  custom:scripting/monoscript/fileName/NavMeshAgentControlBehaviour.cs:  -> d1e0b654987e670f8f49444014f15fb8
  custom:scripting/monoscript/fileName/VideoScriptPlayableTrack.cs:  -> 4e988d7ae96bed1880ed6782386208e1
  custom:scripting/monoscript/fileName/GunnerProjectile.cs:  -> 33ac9aff9365a37fe39fe8dd4aec7d6c
  custom:scripting/monoscript/fileName/TimeDilationClip.cs:  -> cf47e4ba07d08369b85315a94710cac7
  custom:scripting/monoscript/fileName/CrouchWithGunSMB.cs:  -> a298a6ce9dcc1a17a2cf443867139c6a
  custom:scripting/monoscript/fileName/BossDoorStateManager.cs:  -> 654760997733a1cf7a4e36ee0a14dfe1
  custom:scripting/monoscript/fileName/Helpers.cs:  -> 2eaee7b49665e9b99a9417d302587fba
  custom:scripting/monoscript/fileName/DirectorTrigger.cs:  -> e9fc6ed5a21c5320242fc3c7520fc65a
  custom:scripting/monoscript/fileName/SceneLinkedSMB.cs:  -> 1c4f1a4601c063d152f92406c86b1c4c
  custom:scripting/monoscript/fileName/DropShadow.cs:  -> 3e1ff13a794a7c59b47813614a6dd79e
  custom:scripting/monoscript/fileName/GunnerLightning.cs:  -> e2873910f89073dd41e8965cbb72d011
  custom:scripting/monoscript/fileName/HubDoor.cs:  -> f4306e5c2908f585c95b90ca4b27c997
  custom:scripting/monoscript/fileName/ScrollingTextBehaviour.cs:  -> 0dc5de619ed95c9e13e84edfc085c768
  custom:scripting/monoscript/fileName/AirborneMeleeAttackSMB.cs:  -> a65352d52ccc232b2476dcf0e5b524d2
  custom:scripting/monoscript/fileName/PlatformCatcher.cs:  -> 53e1d92850ee2ea1c6bbf9345cc337f5
  custom:scripting/monoscript/fileName/TriggerVFX.cs:  -> 74e9c1be307ec8cb472221d022a4fe1c
  custom:scripting/monoscript/fileName/LayerMaskExtensions.cs:  -> e9ece84cdf61a9cf1146f4181360635c
  custom:scripting/monoscript/fileName/TimeDilationMixerBehaviour.cs:  -> 9db71cea3a357f19f5412255d887380d
  custom:scripting/monoscript/fileName/CharacterController2D.cs:  -> 99456e04c29fefa83756856ee9867c51
  custom:scripting/monoscript/fileName/IDataPersister.cs:  -> aa18343f03b13317fc4b5d185e4847f8
  custom:scripting/monoscript/fileName/BlurOptimized.cs:  -> a99dff34286593c12b0fab92e7c0da68
  custom:scripting/monoscript/fileName/SceneControllerWrapper.cs:  -> bd656429762be5eec528243dd04c42ec
  custom:scripting/monoscript/fileName/LocalTransformDuplicator.cs:  -> bc433714d03af0c3ea5a46285f830e34
  custom:scripting/monoscript/fileName/TranslatedPhrases.cs:  -> 2e62af1d5eec579a23db4f7a41fbcd30
  custom:scripting/monoscript/fileName/Damageable.cs:  -> fcd05effbcbd53b62db43a1233119fd2
  custom:scripting/monoscript/fileName/PhysicsHelper.cs:  -> 8ecfdcedf329200e0b6b525dfad6529d
  custom:scripting/monoscript/fileName/MeleeAttackSMB.cs:  -> b22dfa35674c27650141b90a71d432c9
  custom:scripting/monoscript/fileName/EnemyBehaviour.cs:  -> d54095ec16e5a6d583333f28534703cc
  custom:scripting/monoscript/fileName/InstantiateObject.cs:  -> 9bbf47d7f185cdbc66381edb38c61fd1
  custom:scripting/monoscript/fileName/NavMeshAgentControlMixerBehaviour.cs:  -> 7b48ffad63e28e2c99eda486e54a5293
  custom:scripting/monoscript/fileName/ChomperPatrolSMB.cs:  -> 9a6924c77bf2b04c49433dcb8129e3a9
  custom:scripting/monoscript/fileName/TransformTweenClip.cs:  -> ce8bae8ab2e8ac4b99b0d502759d6faf
  custom:scripting/monoscript/fileName/TranslatedText.cs:  -> 9cac2f8c265cd155bab4c2a75448dc08
  custom:scripting/monoscript/fileName/ScreenFader.cs:  -> 61442d2b08caa8d5c2c3477f22a6ceda
  custom:scripting/monoscript/fileName/PostEffectsBase.cs:  -> 6aabc5a6e1a831a9196622d2796540be
  custom:scripting/monoscript/fileName/LightControlMixerBehaviour.cs:  -> 0fcaed5ba9cc72e85e9f996f47c6994e
  custom:scripting/monoscript/fileName/Readme.cs:  -> 5aedf578fb2663036982fb7b05aaf325
  custom:scripting/monoscript/fileName/CrouchSMB.cs:  -> 6cfd876afb1001ec8ae8b5130932d11b
  custom:scripting/monoscript/fileName/InputDisplayUI.cs:  -> 4cc08b2863ef7d607a75f5dc93ba3120
  custom:scripting/monoscript/fileName/InteractOnButton.cs:  -> e4d0fe12764b00e7fab504a4cfc8e831
  custom:scripting/monoscript/fileName/ScreenFaderClip.cs:  -> c069ccc2530ec9204750ffe25d5deda2
  custom:scripting/monoscript/fileName/VideoSchedulerPlayableBehaviour.cs:  -> ba9ca0af4ca4ba259d5aee4a7a62a467
  custom:scripting/monoscript/fileName/GunnerBeamController.cs:  -> bd1304ed82dfe25a34f70df600dae9d2
  custom:scripting/monoscript/fileName/TransformTweenMixerBehaviour.cs:  -> 37456ce2a83d18cd310416f056c5ca19
  custom:scripting/monoscript/fileName/RespawnSMB.cs:  -> 5e975a30d979cfe9992aeccc72fde642
  custom:scripting/monoscript/fileName/BT.cs:  -> 614426a8fd082fe78dd38ccbd1fd1d20
  custom:scripting/monoscript/fileName/LocomotionWithGunSMB.cs:  -> 6b45ae25b4f43d87118cf2d31ad16c92
  custom:scripting/monoscript/fileName/WeaponPickup.cs:  -> 6610478444b5257181dccf72fcdd41d1
  custom:scripting/monoscript/fileName/RandomAudioPlayer.cs:  -> acc4b9af20b1de32113181c869dbee6e
  custom:scripting/monoscript/fileName/PressurePad.cs:  -> 4053679896b224a1ec978dcee2c2fa9b
  custom:scripting/monoscript/fileName/OptionUI.cs:  -> 3d8b10704d6d94421961cb2ae90be4de
  custom:scripting/monoscript/fileName/InteractOnButton2D.cs:  -> efdc4fcff9cbd94a6efc6a19c00b1a33
  custom:scripting/monoscript/fileName/SetMaterialRenderQueue.cs:  -> eb3d3a6e2f1f4d076ae07da14b47cae1
  custom:scripting/monoscript/fileName/GunnerShieldEffect.cs:  -> 17daddb523d2f27301ca678a5c754775
  custom:scripting/monoscript/fileName/PrewarmDirector.cs:  -> 82c820308bcf87e7c504a340a3d881cf
  custom:scripting/monoscript/fileName/GunnerBeam.cs:  -> c7fada0591b381de5b3e247a5d6d7b2d
  custom:scripting/monoscript/fileName/TextSwitcherMixerBehaviour.cs:  -> 7f42be20fe5c6402bccb2441ee0ece59
  custom:scripting/monoscript/fileName/ObjectPool.cs:  -> 5e2ab9cfe81e04de31d18dbafae66b8c
  custom:scripting/monoscript/fileName/BulletPool.cs:  -> cc1c9d88e0bb318994de075b0e1d430f
  custom:scripting/monoscript/fileName/SavedData.cs:  -> 685f0e7f1b879fac2a1273ba9c1d9e32
  custom:scripting/monoscript/fileName/CameraShaker.cs:  -> 5d9f2f08877e185f3b2213f3b0d22d61
  custom:scripting/monoscript/fileName/InteractOnTrigger.cs:  -> 0b33b17586e3e5dee01b7ccaf45a47aa
  custom:scripting/monoscript/fileName/TransitionPoint.cs:  -> b12486bfff6f324e7a74c16c55fea160
  custom:scripting/monoscript/fileName/ScreenFaderMixerBehaviour.cs:  -> 0b9f78a54c807c6c86048033fc1ca805
  custom:scripting/monoscript/fileName/LightControlTrack.cs:  -> 763227231a71417a1a5ac4e70e61e96d
  custom:scripting/monoscript/fileName/TimedDisabling.cs:  -> 66b57bce31c9098c48eebe182b9f34ab
  custom:scripting/monoscript/fileName/AirborneSMB.cs:  -> 15490f24f4dfe266cb94356c58d47803
  custom:scripting/monoscript/fileName/PlayerInput.cs:  -> 0011f26ec7b9072592b7116643c3d314
  custom:scripting/monoscript/fileName/AutoCameraSetup.cs:  -> 0b80d5c6cd4c575aacdcb719373a31b4
  custom:scripting/monoscript/fileName/ScrollingTextClip.cs:  -> e675b8f5564fc8becb13af81902cca5d
  custom:scripting/monoscript/fileName/VideoScriptPlayableAsset.cs:  -> 7fd2644f85d74c216c2e0e5772842021
  custom:scripting/monoscript/fileName/TextSwitcherTrack.cs:  -> 0cb912a8bf9a97e23e637d17886f6125
  custom:scripting/monoscript/fileName/DeadLandingSMB.cs:  -> d8d851384fef411aad1e207daffd35ae
  custom:scripting/monoscript/fileName/SceneNameAttribute.cs:  -> bf193d100568cb2caf4037841182cdc3
  custom:scripting/monoscript/fileName/MenuActivityController.cs:  -> df27cf9df0308267b909e3569dfd174c
  custom:scripting/monoscript/fileName/ScreenFaderBehaviour.cs:  -> 60b806abc76c3a143984d4a8f0d4312e
  custom:scripting/monoscript/fileName/HealthPickup.cs:  -> 59a70299938e074bbeb0d192f51899c8
  custom:scripting/monoscript/fileName/InventoryItem.cs:  -> 85cfaa8d7c5fa9b2d3a2ef83376219ac
  custom:scripting/monoscript/fileName/ChomperRunToTargetSMB.cs:  -> 953f7d7232a8a53afda9959b3b078799
  custom:scripting/monoscript/fileName/VideoPlayableBehaviour.cs:  -> 4083fab20e54cf12508c44ba2a09e69c
  custom:scripting/monoscript/fileName/VFXController.cs:  -> 7ad7aa5149ad9a7559a08b9251704d6e
  custom:scripting/monoscript/fileName/SpitterBT.cs:  -> 9bcd1d5bcb70df38b535ba21ced0e16d
  custom:scripting/monoscript/fileName/Pushable.cs:  -> f6ec5c5de10c264b91f8a8d2c7e874d1
  custom:scripting/monoscript/fileName/KeyUI.cs:  -> 0d4c654f481a42a510015065bb2cadf1
  custom:scripting/monoscript/fileName/NavMeshAgentControlClip.cs:  -> 44f2e4bb750ce6d6a6c7ff748e5210ba
  custom:scripting/monoscript/fileName/TimeDilationTrack.cs:  -> 1abc002dce70930dcfd6d5102a48203e
  custom:scripting/monoscript/fileName/DeadSMB.cs:  -> f6a7e8d943908899b684a015ca3fbc07
  custom:scripting/monoscript/fileName/TransformTweenBehaviour.cs:  -> 38476248d583861e517f0afd203b6742
  custom:scripting/monoscript/fileName/TextSwitcherBehaviour.cs:  -> 68256d96e2f8da698537c24082064101
  custom:scripting/monoscript/fileName/FallthroughReseter.cs:  -> 0cc9cb66cdbd586856ec25dac9094394
  custom:scripting/monoscript/fileName/Damager.cs:  -> 513f60219d4f47bf4d7b9dfbf22d1bf6
  custom:scripting/monoscript/fileName/SpriteColorChange.cs:  -> 5f703a44d870f4425a06445fddf5436b
  custom:scripting/monoscript/fileName/TextSwitcherClip.cs:  -> 2fde822cdd69a6dbe2320ac8efe14a97
  custom:scripting/monoscript/fileName/LocomotionSMB.cs:  -> 5db1d438c6734470d7a02cae2ed50f1e
  custom:scripting/monoscript/fileName/WaterArea.cs:  -> 47e2351e33e4206dd7bc47f23407f700
  custom:scripting/monoscript/fileName/Bullet.cs:  -> 0444b6dca11945af1fec7b2593d596ea
  custom:scripting/monoscript/fileName/PersistentDataManager.cs:  -> d83cbfbf007788d038c312e46fb2544b
  custom:scripting/monoscript/fileName/Grenade.cs:  -> f1eb7744a78d223fa0339eb9cff3bb5f
  custom:scripting/monoscript/fileName/HurtSMB.cs:  -> e5027485537873c9c9a5803bece02e26
  custom:scripting/monoscript/fileName/MovingPlatform.cs:  -> 4bbee5568bb59cbc5cde6104e4519cb2
  custom:scripting/monoscript/fileName/LightControlBehaviour.cs:  -> a1aef39299a63bc9e8f2136779eabb39
  custom:scripting/monoscript/fileName/Checkpoint.cs:  -> fe80b71ef9e1c085691705bda80e050d
  custom:scripting/monoscript/fileName/Translator.cs:  -> ce7bb72620b3773e56fd58c00b6ec152
  custom:scripting/monoscript/fileName/HealthUI.cs:  -> 0de74da64232f4bb9ce2d04228ef2a16
  custom:scripting/monoscript/fileName/SceneController.cs:  -> b6ff33d3663ca306ad3fc5f86c8cd972
  custom:scripting/monoscript/fileName/InteractOnTrigger2D.cs:  -> 8ed2cd8fe3c297d7caa17250b73bfb3c
  custom:scripting/monoscript/fileName/EnemySpawner.cs:  -> c162de244570e4c4fe11ee5e10698ed5
  custom:scripting/monoscript/fileName/OpenURL.cs:  -> 50efd310353ce9873853be18228f7805
  custom:scripting/monoscript/fileName/NavMeshAgentControlTrack.cs:  -> 459da79f666b02d1bec6a1ebecbfbfa2
  custom:scripting/monoscript/fileName/InteractOnCollision.cs:  -> df0761b13ce22e42d17eac0dd5ab9fcb
  custom:scripting/monoscript/fileName/VisibleBubbleUp.cs:  -> 301387740263f76951df11800d729e36
  custom:scripting/monoscript/fileName/InteractOnCollision2D.cs:  -> 8b4606601b42db12954ebfc03c2b453c
  custom:scripting/monoscript/fileName/SendSignal.cs:  -> 79412faeec5e40a5b3675cc76ef9ec26
  custom:scripting/monoscript/fileName/StartUI.cs:  -> 43d1afdc9070ac88b5cb4e979188f885
  custom:scripting/monoscript/fileName/MissileGolem.cs:  -> c9778d635a6e79e4247926988f22e3b9
  custom:scripting/precompiled-assembly-types:Assembly-CSharp:  -> d08be3d939a1f7eb892509514bb91906
  custom:scripting/monoscript/fileName/PushingSMB.cs:  -> 39f074a67bb3253c78f2f7b6d82a90fc
  custom:scripting/monoscript/fileName/DialogueCanvasController.cs:  -> 189b66cf11e3ecd48f08f6e15f6da3b9
  custom:scripting/monoscript/fileName/PlayerCharacter.cs:  -> 35e1e14986555765c7b5dc93a2c20c9a
  custom:scripting/monoscript/fileName/ObjectPositionResetter.cs:  -> 2f96a112808c661babf6beaf774709bf
  custom:scripting/monoscript/fileName/ScrollingTextTrack.cs:  -> 9cf61616b021cbc66da08fe3043d3141
  custom:scripting/monoscript/fileName/AirborneWithGunSMB.cs:  -> c6edb5717342d2e3766d3a3916112940
  custom:scripting/monoscript/fileName/AudioSurface.cs:  -> c4b013abb76f66ba3742136bfca3fd5d
  custom:scripting/monoscript/fileName/StartScreenSpriteOffsetter.cs:  -> b406a668fa5fc159070268f4c1987f27
  custom:scripting/monoscript/fileName/OriginalPhrases.cs:  -> 3a7c8ff2e471fef49a30d2d940e0ec72
  custom:scripting/monoscript/fileName/InputComponent.cs:  -> 41073c3987211857bb895c58aa5f1411
========================================================================
Received Prepare
Begin MonoManager ReloadAssembly
- Loaded All Assemblies, in  0.963 seconds
Refreshing native plugins compatible for Editor in 20.36 ms, found 4 plugins.
Native extension for WindowsStandalone target not found
Native extension for WebGL target not found
[Package Manager] Server::EnsureServerProcessIsRunning -- launch failed, reason: Unity was launched with the -noUpm command-line argument
[Package Manager] UpmClient::Send -- Unable to send message (not connected to UPM process).
[Package Manager] Cannot connect to Unity Package Manager local server
Mono: successfully reloaded assembly
- Finished resetting the current domain, in  2.706 seconds
Domain Reload Profiling: 3636ms
	BeginReloadAssembly (249ms)
		ExecutionOrderSort (0ms)
		DisableScriptedObjects (9ms)
		BackupInstance (0ms)
		ReleaseScriptingObjects (0ms)
		CreateAndSetChildDomain (32ms)
	RebuildCommonClasses (36ms)
	RebuildNativeTypeToScriptingClass (11ms)
	initialDomainReloadingComplete (80ms)
	LoadAllAssembliesAndSetupDomain (553ms)
		LoadAssemblies (660ms)
		RebuildTransferFunctionScriptingTraits (0ms)
		AnalyzeDomain (40ms)
			TypeCache.Refresh (11ms)
				TypeCache.ScanAssembly (2ms)
			ScanForSourceGeneratedMonoScriptInfo (18ms)
			ResolveRequiredComponents (10ms)
	FinalizeReload (2707ms)
		ReleaseScriptCaches (0ms)
		RebuildScriptCaches (0ms)
		SetupLoadedEditorAssemblies (579ms)
			LogAssemblyErrors (0ms)
			InitializePlatformSupportModulesInManaged (20ms)
			SetLoadedEditorAssemblies (3ms)
			RefreshPlugins (0ms)
			BeforeProcessingInitializeOnLoad (165ms)
			ProcessInitializeOnLoadAttributes (274ms)
			ProcessInitializeOnLoadMethodAttributes (68ms)
			AfterProcessingInitializeOnLoad (50ms)
			EditorAssembliesLoaded (0ms)
		ExecutionOrderSort2 (0ms)
		AwakeInstancesAfterBackupRestoration (13ms)
Refreshing native plugins compatible for Editor in 20.54 ms, found 4 plugins.
Preloading 0 native plugins for Editor in 0.00 ms.
Unloading 5970 Unused Serialized files (Serialized files now loaded: 0)
Unloading 76 unused Assets / (2.2 MB). Loaded Objects now: 6604.
Memory consumption went from 217.1 MB to 214.9 MB.
Total: 3.760900 ms (FindLiveObjects: 0.473300 ms CreateObjectMapping: 0.163000 ms MarkObjects: 2.579700 ms  DeleteObjects: 0.544100 ms)

Prepare: number of updated asset objects reloaded= 0
AssetImportParameters requested are different than current active one (requested -> active):
  custom:container-demuxer-ogg: 62fdf1f143b41e24485cea50d1cbac27 -> 
  custom:video-decoder-ogg-theora: a1e56fd34408186e4bbccfd4996cb3dc -> 
  custom:framework-win-MediaFoundation: 216162199b28c13a410421893ffa2e32 -> 
  custom:CustomObjectIndexerAttribute: d54d2f2da18e7612c182cf67624b6b12 -> 
  custom:container-demuxer-webm: 4f35f7cbe854078d1ac9338744f61a02 -> 
  custom:container-muxer-webm: aa71ff27fc2769a1b78a27578f13a17b -> 
  custom:video-decoder-webm-vp8: 9c59270c3fd7afecdb556c50c9e8de78 -> 
  custom:SearchIndexIgnoredProperties: e643bd26f0fe6173181afceb89e7c659 -> 
  custom:AudioImporter_EditorPlatform: d09bf68614088b80899f8185d706f6e7 -> 
  custom:scripting/monoscript/fileName/RuleTile.cs: f5f493643c39cafead8f05df075b38cf -> 5b978741c52b97f232dcc85b0f945a21
  custom:video-encoder-webm-vp8: eb34c28f22e8b96e1ab97ce403110664 -> 
  custom:audio-decoder-ogg-vorbis: bf7c407c2cedff20999df2af8eb42d56 -> 
  custom:audio-encoder-webm-vorbis: bf7c407c2cedff20999df2af8eb42d56 -> 
========================================================================
Received Import Request.
  Time since last request: 1841.979853 seconds.
  path: Assets/2DGamekit/Scenes/UniversalRenderPipelineAsset2D.asset
  artifactKey: Guid(c7575b2c9b4232f4fb11d141c97f3a60) Importer(815301076,1909f56bfc062723c751e8b465ee728b)
Start importing Assets/2DGamekit/Scenes/UniversalRenderPipelineAsset2D.asset using Guid(c7575b2c9b4232f4fb11d141c97f3a60) Importer(815301076,1909f56bfc062723c751e8b465ee728b)  -> (artifact id: 'd3aa64f26f0bcd6e428d2204ba8a456e') in 0.010337 seconds
Number of updated asset objects reloaded before import = 0
Number of asset objects unloaded after import = 0
========================================================================
Received Import Request.
  Time since last request: 0.000021 seconds.
  path: Assets/2DGamekit/Scenes/UniversalRenderPipelineAsset2D_Renderer.asset
  artifactKey: Guid(dede3b3b9e3088a48855c7a1913674e3) Importer(815301076,1909f56bfc062723c751e8b465ee728b)
Start importing Assets/2DGamekit/Scenes/UniversalRenderPipelineAsset2D_Renderer.asset using Guid(dede3b3b9e3088a48855c7a1913674e3) Importer(815301076,1909f56bfc062723c751e8b465ee728b)  -> (artifact id: '464ad1dbbf3d9f9d7f2320d766e284a9') in 0.001319 seconds
Number of updated asset objects reloaded before import = 0
Number of asset objects unloaded after import = 0
========================================================================
Received Prepare
Begin MonoManager ReloadAssembly
- Loaded All Assemblies, in  0.982 seconds
Refreshing native plugins compatible for Editor in 24.84 ms, found 4 plugins.
Native extension for WindowsStandalone target not found
Native extension for WebGL target not found
[Package Manager] Server::EnsureServerProcessIsRunning -- launch failed, reason: Unity was launched with the -noUpm command-line argument
[Package Manager] UpmClient::Send -- Unable to send message (not connected to UPM process).
[Package Manager] Cannot connect to Unity Package Manager local server
Mono: successfully reloaded assembly
- Finished resetting the current domain, in  3.086 seconds
Domain Reload Profiling: 4037ms
	BeginReloadAssembly (235ms)
		ExecutionOrderSort (0ms)
		DisableScriptedObjects (9ms)
		BackupInstance (0ms)
		ReleaseScriptingObjects (0ms)
		CreateAndSetChildDomain (32ms)
	RebuildCommonClasses (35ms)
	RebuildNativeTypeToScriptingClass (11ms)
	initialDomainReloadingComplete (76ms)
	LoadAllAssembliesAndSetupDomain (594ms)
		LoadAssemblies (712ms)
		RebuildTransferFunctionScriptingTraits (0ms)
		AnalyzeDomain (21ms)
			TypeCache.Refresh (6ms)
				TypeCache.ScanAssembly (0ms)
			ScanForSourceGeneratedMonoScriptInfo (0ms)
			ResolveRequiredComponents (13ms)
	FinalizeReload (3086ms)
		ReleaseScriptCaches (0ms)
		RebuildScriptCaches (0ms)
		SetupLoadedEditorAssemblies (586ms)
			LogAssemblyErrors (0ms)
			InitializePlatformSupportModulesInManaged (21ms)
			SetLoadedEditorAssemblies (3ms)
			RefreshPlugins (0ms)
			BeforeProcessingInitializeOnLoad (164ms)
			ProcessInitializeOnLoadAttributes (283ms)
			ProcessInitializeOnLoadMethodAttributes (69ms)
			AfterProcessingInitializeOnLoad (45ms)
			EditorAssembliesLoaded (0ms)
		ExecutionOrderSort2 (0ms)
		AwakeInstancesAfterBackupRestoration (12ms)
Refreshing native plugins compatible for Editor in 26.14 ms, found 4 plugins.
Preloading 0 native plugins for Editor in 0.00 ms.
Unloading 5970 Unused Serialized files (Serialized files now loaded: 0)
Unloading 76 unused Assets / (2.2 MB). Loaded Objects now: 6622.
Memory consumption went from 219.0 MB to 216.8 MB.
Total: 4.731700 ms (FindLiveObjects: 0.533700 ms CreateObjectMapping: 0.148600 ms MarkObjects: 3.423900 ms  DeleteObjects: 0.624100 ms)

Prepare: number of updated asset objects reloaded= 0
AssetImportParameters requested are different than current active one (requested -> active):
  custom:container-demuxer-ogg: 62fdf1f143b41e24485cea50d1cbac27 -> 
  custom:video-decoder-ogg-theora: a1e56fd34408186e4bbccfd4996cb3dc -> 
  custom:framework-win-MediaFoundation: 216162199b28c13a410421893ffa2e32 -> 
  custom:CustomObjectIndexerAttribute: d54d2f2da18e7612c182cf67624b6b12 -> 
  custom:container-demuxer-webm: 4f35f7cbe854078d1ac9338744f61a02 -> 
  custom:container-muxer-webm: aa71ff27fc2769a1b78a27578f13a17b -> 
  custom:video-decoder-webm-vp8: 9c59270c3fd7afecdb556c50c9e8de78 -> 
  custom:SearchIndexIgnoredProperties: e643bd26f0fe6173181afceb89e7c659 -> 
  custom:AudioImporter_EditorPlatform: d09bf68614088b80899f8185d706f6e7 -> 
  custom:scripting/monoscript/fileName/RuleTile.cs: f5f493643c39cafead8f05df075b38cf -> 5b978741c52b97f232dcc85b0f945a21
  custom:video-encoder-webm-vp8: eb34c28f22e8b96e1ab97ce403110664 -> 
  custom:audio-decoder-ogg-vorbis: bf7c407c2cedff20999df2af8eb42d56 -> 
  custom:audio-encoder-webm-vorbis: bf7c407c2cedff20999df2af8eb42d56 -> 
========================================================================
Received Prepare
Begin MonoManager ReloadAssembly
- Loaded All Assemblies, in  0.978 seconds
Refreshing native plugins compatible for Editor in 25.68 ms, found 4 plugins.
Native extension for WindowsStandalone target not found
Native extension for WebGL target not found
[Package Manager] Server::EnsureServerProcessIsRunning -- launch failed, reason: Unity was launched with the -noUpm command-line argument
[Package Manager] UpmClient::Send -- Unable to send message (not connected to UPM process).
[Package Manager] Cannot connect to Unity Package Manager local server
Mono: successfully reloaded assembly
- Finished resetting the current domain, in  3.079 seconds
Domain Reload Profiling: 4026ms
	BeginReloadAssembly (233ms)
		ExecutionOrderSort (0ms)
		DisableScriptedObjects (8ms)
		BackupInstance (0ms)
		ReleaseScriptingObjects (0ms)
		CreateAndSetChildDomain (34ms)
	RebuildCommonClasses (35ms)
	RebuildNativeTypeToScriptingClass (13ms)
	initialDomainReloadingComplete (74ms)
	LoadAllAssembliesAndSetupDomain (592ms)
		LoadAssemblies (706ms)
		RebuildTransferFunctionScriptingTraits (0ms)
		AnalyzeDomain (18ms)
			TypeCache.Refresh (5ms)
				TypeCache.ScanAssembly (0ms)
			ScanForSourceGeneratedMonoScriptInfo (0ms)
			ResolveRequiredComponents (12ms)
	FinalizeReload (3079ms)
		ReleaseScriptCaches (0ms)
		RebuildScriptCaches (0ms)
		SetupLoadedEditorAssemblies (627ms)
			LogAssemblyErrors (0ms)
			InitializePlatformSupportModulesInManaged (19ms)
			SetLoadedEditorAssemblies (3ms)
			RefreshPlugins (0ms)
			BeforeProcessingInitializeOnLoad (156ms)
			ProcessInitializeOnLoadAttributes (315ms)
			ProcessInitializeOnLoadMethodAttributes (80ms)
			AfterProcessingInitializeOnLoad (53ms)
			EditorAssembliesLoaded (0ms)
		ExecutionOrderSort2 (0ms)
		AwakeInstancesAfterBackupRestoration (16ms)
Refreshing native plugins compatible for Editor in 25.21 ms, found 4 plugins.
Preloading 0 native plugins for Editor in 0.00 ms.
Unloading 5970 Unused Serialized files (Serialized files now loaded: 0)
Unloading 76 unused Assets / (2.2 MB). Loaded Objects now: 6639.
Memory consumption went from 221.0 MB to 218.8 MB.
Total: 4.445700 ms (FindLiveObjects: 0.519400 ms CreateObjectMapping: 0.163800 ms MarkObjects: 2.978400 ms  DeleteObjects: 0.782500 ms)

Prepare: number of updated asset objects reloaded= 0
AssetImportParameters requested are different than current active one (requested -> active):
  custom:container-demuxer-ogg: 62fdf1f143b41e24485cea50d1cbac27 -> 
  custom:video-decoder-ogg-theora: a1e56fd34408186e4bbccfd4996cb3dc -> 
  custom:framework-win-MediaFoundation: 216162199b28c13a410421893ffa2e32 -> 
  custom:CustomObjectIndexerAttribute: d54d2f2da18e7612c182cf67624b6b12 -> 
  custom:container-demuxer-webm: 4f35f7cbe854078d1ac9338744f61a02 -> 
  custom:container-muxer-webm: aa71ff27fc2769a1b78a27578f13a17b -> 
  custom:video-decoder-webm-vp8: 9c59270c3fd7afecdb556c50c9e8de78 -> 
  custom:SearchIndexIgnoredProperties: e643bd26f0fe6173181afceb89e7c659 -> 
  custom:AudioImporter_EditorPlatform: d09bf68614088b80899f8185d706f6e7 -> 
  custom:scripting/monoscript/fileName/RuleTile.cs: f5f493643c39cafead8f05df075b38cf -> 5b978741c52b97f232dcc85b0f945a21
  custom:video-encoder-webm-vp8: eb34c28f22e8b96e1ab97ce403110664 -> 
  custom:audio-decoder-ogg-vorbis: bf7c407c2cedff20999df2af8eb42d56 -> 
  custom:audio-encoder-webm-vorbis: bf7c407c2cedff20999df2af8eb42d56 -> 
========================================================================
Received Import Request.
  Time since last request: 219.596880 seconds.
  path: Assets/2DGamekit/Scenes/UniversalRenderPipelineAsset2D_Renderer.asset
  artifactKey: Guid(dede3b3b9e3088a48855c7a1913674e3) Importer(815301076,1909f56bfc062723c751e8b465ee728b)
Start importing Assets/2DGamekit/Scenes/UniversalRenderPipelineAsset2D_Renderer.asset using Guid(dede3b3b9e3088a48855c7a1913674e3) Importer(815301076,1909f56bfc062723c751e8b465ee728b)  -> (artifact id: '5a835d53636710084d2c2d21acffc8f9') in 0.009307 seconds
Number of updated asset objects reloaded before import = 2
Number of asset objects unloaded after import = 0
